[0m[[0m[0mdebug[0m] [0m[0mRunning TaskDef(EmployeeServiceTest, org.scalatest.tools.Framework$$anon$1@1b49cfd3, false, [SuiteSelector])[0m
[0m[[0m[0minfo[0m] [0m[0m[32mEmployeeServiceTest:[0m[0m
[0m[[0m[0minfo[0m] [0m[0m[31m- Save Role *** FAILED ***[0m[0m
[0m[[0m[0minfo[0m] [0m[0m[31m  results.success was false (EmployeeServiceTest.scala:9)[0m[0m
[0m[[0m[0minfo[0m] [0m[0m[31m- Save Department *** FAILED ***[0m[0m
[0m[[0m[0minfo[0m] [0m[0m[31m  results.success was false (EmployeeServiceTest.scala:9)[0m[0m
[0m[[0m[0minfo[0m] [0m[0m[31m- Delete Department *** FAILED ***[0m[0m
[0m[[0m[0minfo[0m] [0m[0m[31m  results.success was false (EmployeeServiceTest.scala:9)[0m[0m
[0m[[0m[0minfo[0m] [0m[0m[31m- Delete Employee *** FAILED ***[0m[0m
[0m[[0m[0minfo[0m] [0m[0m[31m  results.success was false (EmployeeServiceTest.scala:9)[0m[0m
[0m[[0m[0minfo[0m] [0m[0m[31m- Save Random *** FAILED ***[0m[0m
[0m[[0m[0minfo[0m] [0m[0m[31m  results.success was false (EmployeeServiceTest.scala:9)[0m[0m
[0m[[0m[0minfo[0m] [0m[0m[31m- Save Employee *** FAILED ***[0m[0m
[0m[[0m[0minfo[0m] [0m[0m[31m  results.success was false (EmployeeServiceTest.scala:9)[0m[0m
[0m[[0m[0minfo[0m] [0m[0m[32m- Delete Role[0m[0m
[0m[[0m[0minfo[0m] [0m[0m[36mRun completed in 193 milliseconds.[0m[0m
[0m[[0m[0minfo[0m] [0m[0m[36mTotal number of tests run: 7[0m[0m
[0m[[0m[0minfo[0m] [0m[0m[36mSuites: completed 1, aborted 0[0m[0m
[0m[[0m[0minfo[0m] [0m[0m[36mTests: succeeded 1, failed 6, canceled 0, ignored 0, pending 0[0m[0m
[0m[[0m[0minfo[0m] [0m[0m[31m*** 6 TESTS FAILED ***[0m[0m
[0m[[0m[31merror[0m] [0m[0mFailed tests:[0m
[0m[[0m[31merror[0m] [0m[0m	EmployeeServiceTest[0m
[0m[[0m[31merror[0m] [0m[0m(Test / [31mtest[0m) sbt.TestsFailedException: Tests unsuccessful[0m
